{"/code/server.js": {"path":"/code/server.js","statementMap":{"0":{"start":{"line":1,"column":0},"end":{"line":1,"column":27}},"1":{"start":{"line":3,"column":16},"end":{"line":3,"column":34}},"2":{"start":{"line":4,"column":12},"end":{"line":4,"column":21}},"3":{"start":{"line":5,"column":13},"end":{"line":5,"column":28}},"4":{"start":{"line":6,"column":0},"end":{"line":6,"column":19}},"5":{"start":{"line":7,"column":0},"end":{"line":7,"column":23}},"6":{"start":{"line":9,"column":19},"end":{"line":9,"column":44}},"7":{"start":{"line":10,"column":19},"end":{"line":10,"column":44}},"8":{"start":{"line":11,"column":20},"end":{"line":11,"column":46}},"9":{"start":{"line":13,"column":0},"end":{"line":13,"column":29}},"10":{"start":{"line":14,"column":0},"end":{"line":14,"column":30}},"11":{"start":{"line":15,"column":0},"end":{"line":15,"column":31}},"12":{"start":{"line":17,"column":0},"end":{"line":17,"column":60}},"13":{"start":{"line":17,"column":27},"end":{"line":17,"column":59}},"14":{"start":{"line":19,"column":0},"end":{"line":19,"column":20}}},"fnMap":{"0":{"name":"(anonymous_0)","decl":{"start":{"line":17,"column":13},"end":{"line":17,"column":14}},"loc":{"start":{"line":17,"column":27},"end":{"line":17,"column":59}},"line":17}},"branchMap":{},"s":{"0":4,"1":4,"2":4,"3":4,"4":4,"5":4,"6":4,"7":4,"8":4,"9":4,"10":4,"11":4,"12":4,"13":1,"14":4},"f":{"0":1},"b":{},"_coverageSchema":"1a1c01bbd47fc00a2c39e90264f33305004495a9","hash":"5b67c12c40e1e0f8e770a3ee266eb0b0c155044b"}
,"/code/controllers/auth.js": {"path":"/code/controllers/auth.js","statementMap":{"0":{"start":{"line":1,"column":0},"end":{"line":1,"column":27}},"1":{"start":{"line":2,"column":15},"end":{"line":2,"column":34}},"2":{"start":{"line":3,"column":12},"end":{"line":3,"column":35}},"3":{"start":{"line":5,"column":13},"end":{"line":5,"column":37}},"4":{"start":{"line":8,"column":4},"end":{"line":20,"column":5}},"5":{"start":{"line":8,"column":22},"end":{"line":8,"column":64}},"6":{"start":{"line":9,"column":12},"end":{"line":9,"column":40}},"7":{"start":{"line":10,"column":12},"end":{"line":17,"column":9}},"8":{"start":{"line":11,"column":12},"end":{"line":11,"column":31}},"9":{"start":{"line":13,"column":25},"end":{"line":13,"column":47}},"10":{"start":{"line":14,"column":27},"end":{"line":14,"column":69}},"11":{"start":{"line":15,"column":12},"end":{"line":15,"column":62}},"12":{"start":{"line":16,"column":12},"end":{"line":16,"column":55}},"13":{"start":{"line":19,"column":8},"end":{"line":19,"column":23}},"14":{"start":{"line":24,"column":4},"end":{"line":49,"column":5}},"15":{"start":{"line":25,"column":21},"end":{"line":25,"column":59}},"16":{"start":{"line":28,"column":8},"end":{"line":45,"column":9}},"17":{"start":{"line":28,"column":27},"end":{"line":28,"column":77}},"18":{"start":{"line":29,"column":8},"end":{"line":42,"column":9}},"19":{"start":{"line":30,"column":28},"end":{"line":30,"column":74}},"20":{"start":{"line":31,"column":30},"end":{"line":37,"column":13}},"21":{"start":{"line":32,"column":16},"end":{"line":32,"column":71}},"22":{"start":{"line":32,"column":25},"end":{"line":32,"column":69}},"23":{"start":{"line":33,"column":16},"end":{"line":36,"column":19}},"24":{"start":{"line":38,"column":12},"end":{"line":38,"column":83}},"25":{"start":{"line":39,"column":12},"end":{"line":39,"column":28}},"26":{"start":{"line":41,"column":12},"end":{"line":41,"column":62}},"27":{"start":{"line":44,"column":8},"end":{"line":44,"column":42}},"28":{"start":{"line":48,"column":4},"end":{"line":48,"column":34}},"29":{"start":{"line":52,"column":0},"end":{"line":52,"column":36}}},"fnMap":{"0":{"name":"register","decl":{"start":{"line":7,"column":15},"end":{"line":7,"column":23}},"loc":{"start":{"line":7,"column":35},"end":{"line":21,"column":1}},"line":7},"1":{"name":"login","decl":{"start":{"line":23,"column":15},"end":{"line":23,"column":20}},"loc":{"start":{"line":23,"column":32},"end":{"line":50,"column":1}},"line":23},"2":{"name":"(anonymous_2)","decl":{"start":{"line":31,"column":30},"end":{"line":31,"column":31}},"loc":{"start":{"line":31,"column":46},"end":{"line":37,"column":13}},"line":31}},"branchMap":{"0":{"loc":{"start":{"line":10,"column":12},"end":{"line":17,"column":9}},"type":"if","locations":[{"start":{"line":10,"column":12},"end":{"line":17,"column":9}},{"start":{"line":12,"column":13},"end":{"line":17,"column":9}}],"line":10},"1":{"loc":{"start":{"line":29,"column":8},"end":{"line":42,"column":9}},"type":"if","locations":[{"start":{"line":29,"column":8},"end":{"line":42,"column":9}},{"start":{"line":40,"column":15},"end":{"line":42,"column":9}}],"line":29},"2":{"loc":{"start":{"line":32,"column":16},"end":{"line":32,"column":71}},"type":"if","locations":[{"start":{"line":32,"column":16},"end":{"line":32,"column":71}},{"start":{},"end":{}}],"line":32}},"s":{"0":4,"1":4,"2":4,"3":4,"4":2,"5":2,"6":2,"7":2,"8":1,"9":1,"10":1,"11":1,"12":1,"13":0,"14":3,"15":3,"16":2,"17":2,"18":2,"19":1,"20":1,"21":1,"22":0,"23":1,"24":1,"25":1,"26":1,"27":1,"28":1,"29":4},"f":{"0":2,"1":3,"2":1},"b":{"0":[1,1],"1":[1,1],"2":[0,1]},"_coverageSchema":"1a1c01bbd47fc00a2c39e90264f33305004495a9","hash":"bc042008d73bf06d08950e665346712876e796d6"}
,"/code/controllers/habit.js": {"path":"/code/controllers/habit.js","statementMap":{"0":{"start":{"line":1,"column":16},"end":{"line":1,"column":41}},"1":{"start":{"line":4,"column":4},"end":{"line":9,"column":5}},"2":{"start":{"line":5,"column":26},"end":{"line":5,"column":41}},"3":{"start":{"line":6,"column":8},"end":{"line":6,"column":39}},"4":{"start":{"line":8,"column":8},"end":{"line":8,"column":37}},"5":{"start":{"line":13,"column":4},"end":{"line":21,"column":5}},"6":{"start":{"line":14,"column":8},"end":{"line":14,"column":60}},"7":{"start":{"line":15,"column":27},"end":{"line":15,"column":37}},"8":{"start":{"line":16,"column":8},"end":{"line":16,"column":29}},"9":{"start":{"line":17,"column":22},"end":{"line":17,"column":70}},"10":{"start":{"line":18,"column":8},"end":{"line":18,"column":35}},"11":{"start":{"line":20,"column":8},"end":{"line":20,"column":37}},"12":{"start":{"line":25,"column":4},"end":{"line":31,"column":5}},"13":{"start":{"line":26,"column":28},"end":{"line":26,"column":66}},"14":{"start":{"line":27,"column":8},"end":{"line":27,"column":41}},"15":{"start":{"line":30,"column":8},"end":{"line":30,"column":37}},"16":{"start":{"line":35,"column":4},"end":{"line":40,"column":5}},"17":{"start":{"line":36,"column":22},"end":{"line":36,"column":68}},"18":{"start":{"line":37,"column":8},"end":{"line":37,"column":35}},"19":{"start":{"line":39,"column":8},"end":{"line":39,"column":37}},"20":{"start":{"line":44,"column":4},"end":{"line":50,"column":5}},"21":{"start":{"line":45,"column":27},"end":{"line":45,"column":37}},"22":{"start":{"line":46,"column":24},"end":{"line":46,"column":66}},"23":{"start":{"line":47,"column":8},"end":{"line":47,"column":37}},"24":{"start":{"line":49,"column":8},"end":{"line":49,"column":40}},"25":{"start":{"line":54,"column":4},"end":{"line":65,"column":7}},"26":{"start":{"line":58,"column":23},"end":{"line":58,"column":40}},"27":{"start":{"line":59,"column":22},"end":{"line":59,"column":129}},"28":{"start":{"line":60,"column":8},"end":{"line":60,"column":119}},"29":{"start":{"line":61,"column":8},"end":{"line":61,"column":29}},"30":{"start":{"line":62,"column":8},"end":{"line":62,"column":38}},"31":{"start":{"line":64,"column":8},"end":{"line":64,"column":42}},"32":{"start":{"line":69,"column":4},"end":{"line":74,"column":5}},"33":{"start":{"line":70,"column":21},"end":{"line":70,"column":63}},"34":{"start":{"line":71,"column":8},"end":{"line":71,"column":34}},"35":{"start":{"line":73,"column":8},"end":{"line":73,"column":37}},"36":{"start":{"line":78,"column":0},"end":{"line":86,"column":1}}},"fnMap":{"0":{"name":"getAllHabits","decl":{"start":{"line":3,"column":15},"end":{"line":3,"column":27}},"loc":{"start":{"line":3,"column":38},"end":{"line":10,"column":1}},"line":3},"1":{"name":"create","decl":{"start":{"line":12,"column":15},"end":{"line":12,"column":21}},"loc":{"start":{"line":12,"column":32},"end":{"line":22,"column":1}},"line":12},"2":{"name":"destroy","decl":{"start":{"line":24,"column":15},"end":{"line":24,"column":22}},"loc":{"start":{"line":24,"column":32},"end":{"line":32,"column":1}},"line":24},"3":{"name":"getHabitsByEmail","decl":{"start":{"line":34,"column":15},"end":{"line":34,"column":31}},"loc":{"start":{"line":34,"column":42},"end":{"line":41,"column":1}},"line":34},"4":{"name":"getHabits","decl":{"start":{"line":43,"column":15},"end":{"line":43,"column":24}},"loc":{"start":{"line":43,"column":35},"end":{"line":51,"column":1}},"line":43},"5":{"name":"updateHabitCounter","decl":{"start":{"line":53,"column":15},"end":{"line":53,"column":33}},"loc":{"start":{"line":53,"column":44},"end":{"line":66,"column":1}},"line":53},"6":{"name":"getGraphData","decl":{"start":{"line":68,"column":15},"end":{"line":68,"column":27}},"loc":{"start":{"line":68,"column":38},"end":{"line":75,"column":1}},"line":68}},"branchMap":{"0":{"loc":{"start":{"line":60,"column":8},"end":{"line":60,"column":119}},"type":"cond-expr","locations":[{"start":{"line":60,"column":45},"end":{"line":60,"column":98}},{"start":{"line":60,"column":101},"end":{"line":60,"column":119}}],"line":60}},"s":{"0":4,"1":1,"2":1,"3":1,"4":0,"5":2,"6":2,"7":2,"8":2,"9":2,"10":1,"11":1,"12":2,"13":2,"14":2,"15":0,"16":2,"17":2,"18":2,"19":0,"20":4,"21":4,"22":4,"23":1,"24":3,"25":2,"26":2,"27":2,"28":2,"29":2,"30":2,"31":0,"32":0,"33":0,"34":0,"35":0,"36":4},"f":{"0":1,"1":2,"2":2,"3":2,"4":4,"5":2,"6":0},"b":{"0":[2,0]},"_coverageSchema":"1a1c01bbd47fc00a2c39e90264f33305004495a9","hash":"2a1f8191470ca544a371c97f49da13d2b7345b7d"}
,"/code/controllers/user.js": {"path":"/code/controllers/user.js","statementMap":{"0":{"start":{"line":1,"column":0},"end":{"line":1,"column":27}},"1":{"start":{"line":3,"column":13},"end":{"line":3,"column":37}},"2":{"start":{"line":6,"column":4},"end":{"line":11,"column":5}},"3":{"start":{"line":7,"column":22},"end":{"line":7,"column":36}},"4":{"start":{"line":8,"column":8},"end":{"line":8,"column":35}},"5":{"start":{"line":10,"column":8},"end":{"line":10,"column":35}},"6":{"start":{"line":15,"column":0},"end":{"line":21,"column":9}},"7":{"start":{"line":16,"column":25},"end":{"line":16,"column":69}},"8":{"start":{"line":17,"column":8},"end":{"line":17,"column":71}},"9":{"start":{"line":17,"column":31},"end":{"line":17,"column":70}},"10":{"start":{"line":18,"column":8},"end":{"line":18,"column":39}},"11":{"start":{"line":20,"column":8},"end":{"line":20,"column":42}},"12":{"start":{"line":24,"column":0},"end":{"line":24,"column":38}}},"fnMap":{"0":{"name":"index","decl":{"start":{"line":5,"column":15},"end":{"line":5,"column":20}},"loc":{"start":{"line":5,"column":32},"end":{"line":12,"column":1}},"line":5},"1":{"name":"findByName","decl":{"start":{"line":14,"column":15},"end":{"line":14,"column":25}},"loc":{"start":{"line":14,"column":36},"end":{"line":22,"column":1}},"line":14}},"branchMap":{"0":{"loc":{"start":{"line":17,"column":8},"end":{"line":17,"column":71}},"type":"if","locations":[{"start":{"line":17,"column":8},"end":{"line":17,"column":71}},{"start":{},"end":{}}],"line":17}},"s":{"0":4,"1":4,"2":1,"3":1,"4":1,"5":0,"6":2,"7":2,"8":2,"9":1,"10":1,"11":1,"12":4},"f":{"0":1,"1":2},"b":{"0":[1,1]},"_coverageSchema":"1a1c01bbd47fc00a2c39e90264f33305004495a9","hash":"0f97463a9fa5fa04a0a47964f38bbb85205e2da1"}
,"/code/dbConfig/init.js": {"path":"/code/dbConfig/init.js","statementMap":{"0":{"start":{"line":1,"column":17},"end":{"line":1,"column":30}},"1":{"start":{"line":3,"column":0},"end":{"line":3,"column":34}},"2":{"start":{"line":4,"column":0},"end":{"line":4,"column":38}},"3":{"start":{"line":5,"column":0},"end":{"line":5,"column":32}},"4":{"start":{"line":7,"column":0},"end":{"line":16,"column":1}},"5":{"start":{"line":8,"column":4},"end":{"line":13,"column":6}},"6":{"start":{"line":15,"column":4},"end":{"line":15,"column":21}},"7":{"start":{"line":18,"column":0},"end":{"line":18,"column":22}}},"fnMap":{},"branchMap":{"0":{"loc":{"start":{"line":7,"column":0},"end":{"line":16,"column":1}},"type":"if","locations":[{"start":{"line":7,"column":0},"end":{"line":16,"column":1}},{"start":{"line":14,"column":7},"end":{"line":16,"column":1}}],"line":7}},"s":{"0":4,"1":4,"2":4,"3":4,"4":4,"5":0,"6":4,"7":4},"f":{},"b":{"0":[0,4]},"_coverageSchema":"1a1c01bbd47fc00a2c39e90264f33305004495a9","hash":"6c89fa90fd9dbf8b927b6d52932eaa4f7380c556"}
,"/code/middleware/auth.js": {"path":"/code/middleware/auth.js","statementMap":{"0":{"start":{"line":1,"column":12},"end":{"line":1,"column":35}},"1":{"start":{"line":4,"column":19},"end":{"line":4,"column":47}},"2":{"start":{"line":5,"column":4},"end":{"line":17,"column":5}},"3":{"start":{"line":6,"column":22},"end":{"line":6,"column":42}},"4":{"start":{"line":7,"column":8},"end":{"line":14,"column":10}},"5":{"start":{"line":8,"column":12},"end":{"line":8,"column":30}},"6":{"start":{"line":9,"column":12},"end":{"line":13,"column":13}},"7":{"start":{"line":10,"column":16},"end":{"line":10,"column":62}},"8":{"start":{"line":12,"column":16},"end":{"line":12,"column":23}},"9":{"start":{"line":16,"column":8},"end":{"line":16,"column":54}},"10":{"start":{"line":19,"column":0},"end":{"line":21,"column":1}}},"fnMap":{"0":{"name":"verifyToken","decl":{"start":{"line":3,"column":9},"end":{"line":3,"column":20}},"loc":{"start":{"line":3,"column":36},"end":{"line":18,"column":1}},"line":3},"1":{"name":"(anonymous_1)","decl":{"start":{"line":7,"column":46},"end":{"line":7,"column":47}},"loc":{"start":{"line":7,"column":67},"end":{"line":14,"column":9}},"line":7}},"branchMap":{"0":{"loc":{"start":{"line":5,"column":4},"end":{"line":17,"column":5}},"type":"if","locations":[{"start":{"line":5,"column":4},"end":{"line":17,"column":5}},{"start":{"line":15,"column":11},"end":{"line":17,"column":5}}],"line":5},"1":{"loc":{"start":{"line":9,"column":12},"end":{"line":13,"column":13}},"type":"if","locations":[{"start":{"line":9,"column":12},"end":{"line":13,"column":13}},{"start":{"line":11,"column":19},"end":{"line":13,"column":13}}],"line":9}},"s":{"0":4,"1":12,"2":12,"3":10,"4":10,"5":10,"6":10,"7":3,"8":7,"9":2,"10":4},"f":{"0":12,"1":10},"b":{"0":[10,2],"1":[3,7]},"_coverageSchema":"1a1c01bbd47fc00a2c39e90264f33305004495a9","hash":"1cdf999e51b3b7d60fc935429c944c6eb0f2c57d"}
,"/code/model/Habit.js": {"path":"/code/model/Habit.js","statementMap":{"0":{"start":{"line":1,"column":11},"end":{"line":1,"column":38}},"1":{"start":{"line":2,"column":12},"end":{"line":2,"column":43}},"2":{"start":{"line":7,"column":8},"end":{"line":7,"column":37}},"3":{"start":{"line":8,"column":8},"end":{"line":8,"column":53}},"4":{"start":{"line":9,"column":8},"end":{"line":9,"column":39}},"5":{"start":{"line":10,"column":8},"end":{"line":10,"column":53}},"6":{"start":{"line":11,"column":8},"end":{"line":11,"column":43}},"7":{"start":{"line":12,"column":8},"end":{"line":12,"column":23}},"8":{"start":{"line":17,"column":8},"end":{"line":28,"column":10}},"9":{"start":{"line":18,"column":12},"end":{"line":27,"column":13}},"10":{"start":{"line":19,"column":29},"end":{"line":19,"column":69}},"11":{"start":{"line":21,"column":29},"end":{"line":21,"column":277}},"12":{"start":{"line":21,"column":57},"end":{"line":21,"column":276}},"13":{"start":{"line":23,"column":16},"end":{"line":23,"column":27}},"14":{"start":{"line":26,"column":16},"end":{"line":26,"column":73}},"15":{"start":{"line":33,"column":8},"end":{"line":47,"column":10}},"16":{"start":{"line":34,"column":12},"end":{"line":46,"column":13}},"17":{"start":{"line":35,"column":32},"end":{"line":35,"column":107}},"18":{"start":{"line":38,"column":37},"end":{"line":38,"column":188}},"19":{"start":{"line":40,"column":31},"end":{"line":40,"column":62}},"20":{"start":{"line":42,"column":16},"end":{"line":42,"column":29}},"21":{"start":{"line":45,"column":16},"end":{"line":45,"column":58}},"22":{"start":{"line":52,"column":8},"end":{"line":61,"column":10}},"23":{"start":{"line":53,"column":12},"end":{"line":60,"column":13}},"24":{"start":{"line":54,"column":16},"end":{"line":54,"column":78}},"25":{"start":{"line":56,"column":16},"end":{"line":56,"column":36}},"26":{"start":{"line":59,"column":16},"end":{"line":59,"column":69}},"27":{"start":{"line":66,"column":8},"end":{"line":77,"column":10}},"28":{"start":{"line":67,"column":12},"end":{"line":76,"column":13}},"29":{"start":{"line":68,"column":34},"end":{"line":68,"column":179}},"30":{"start":{"line":70,"column":29},"end":{"line":70,"column":273}},"31":{"start":{"line":70,"column":53},"end":{"line":70,"column":272}},"32":{"start":{"line":72,"column":16},"end":{"line":72,"column":27}},"33":{"start":{"line":75,"column":16},"end":{"line":75,"column":70}},"34":{"start":{"line":83,"column":8},"end":{"line":150,"column":10}},"35":{"start":{"line":85,"column":12},"end":{"line":149,"column":13}},"36":{"start":{"line":86,"column":32},"end":{"line":86,"column":108}},"37":{"start":{"line":89,"column":37},"end":{"line":89,"column":151}},"38":{"start":{"line":91,"column":16},"end":{"line":138,"column":17}},"39":{"start":{"line":95,"column":39},"end":{"line":95,"column":163}},"40":{"start":{"line":98,"column":35},"end":{"line":98,"column":203}},"41":{"start":{"line":101,"column":33},"end":{"line":101,"column":119}},"42":{"start":{"line":104,"column":42},"end":{"line":104,"column":132}},"43":{"start":{"line":107,"column":38},"end":{"line":107,"column":124}},"44":{"start":{"line":110,"column":33},"end":{"line":110,"column":34}},"45":{"start":{"line":113,"column":20},"end":{"line":133,"column":21}},"46":{"start":{"line":116,"column":24},"end":{"line":132,"column":25}},"47":{"start":{"line":119,"column":28},"end":{"line":119,"column":37}},"48":{"start":{"line":122,"column":28},"end":{"line":122,"column":130}},"49":{"start":{"line":125,"column":28},"end":{"line":128,"column":29}},"50":{"start":{"line":126,"column":32},"end":{"line":126,"column":130}},"51":{"start":{"line":131,"column":28},"end":{"line":131,"column":34}},"52":{"start":{"line":136,"column":20},"end":{"line":136,"column":143}},"53":{"start":{"line":141,"column":32},"end":{"line":141,"column":108}},"54":{"start":{"line":143,"column":34},"end":{"line":143,"column":151}},"55":{"start":{"line":145,"column":16},"end":{"line":145,"column":35}},"56":{"start":{"line":148,"column":16},"end":{"line":148,"column":50}},"57":{"start":{"line":155,"column":8},"end":{"line":195,"column":11}},"58":{"start":{"line":157,"column":10},"end":{"line":194,"column":11}},"59":{"start":{"line":160,"column":12},"end":{"line":160,"column":118}},"60":{"start":{"line":163,"column":31},"end":{"line":163,"column":112}},"61":{"start":{"line":166,"column":28},"end":{"line":166,"column":148}},"62":{"start":{"line":169,"column":12},"end":{"line":186,"column":13}},"63":{"start":{"line":172,"column":34},"end":{"line":172,"column":158}},"64":{"start":{"line":175,"column":16},"end":{"line":178,"column":17}},"65":{"start":{"line":177,"column":20},"end":{"line":177,"column":111}},"66":{"start":{"line":182,"column":17},"end":{"line":186,"column":13}},"67":{"start":{"line":184,"column":16},"end":{"line":184,"column":123}},"68":{"start":{"line":190,"column":12},"end":{"line":190,"column":41}},"69":{"start":{"line":193,"column":12},"end":{"line":193,"column":26}},"70":{"start":{"line":199,"column":8},"end":{"line":318,"column":10}},"71":{"start":{"line":200,"column":12},"end":{"line":317,"column":13}},"72":{"start":{"line":202,"column":31},"end":{"line":202,"column":101}},"73":{"start":{"line":205,"column":37},"end":{"line":205,"column":127}},"74":{"start":{"line":207,"column":16},"end":{"line":313,"column":17}},"75":{"start":{"line":209,"column":38},"end":{"line":209,"column":142}},"76":{"start":{"line":211,"column":44},"end":{"line":211,"column":168}},"77":{"start":{"line":213,"column":42},"end":{"line":213,"column":150}},"78":{"start":{"line":215,"column":48},"end":{"line":215,"column":176}},"79":{"start":{"line":217,"column":46},"end":{"line":217,"column":154}},"80":{"start":{"line":219,"column":53},"end":{"line":219,"column":181}},"81":{"start":{"line":221,"column":48},"end":{"line":221,"column":156}},"82":{"start":{"line":223,"column":54},"end":{"line":223,"column":182}},"83":{"start":{"line":225,"column":47},"end":{"line":225,"column":155}},"84":{"start":{"line":227,"column":53},"end":{"line":227,"column":181}},"85":{"start":{"line":229,"column":47},"end":{"line":229,"column":155}},"86":{"start":{"line":231,"column":53},"end":{"line":231,"column":181}},"87":{"start":{"line":233,"column":46},"end":{"line":233,"column":154}},"88":{"start":{"line":235,"column":52},"end":{"line":235,"column":180}},"89":{"start":{"line":237,"column":35},"end":{"line":237,"column":37}},"90":{"start":{"line":239,"column":20},"end":{"line":310,"column":21}},"91":{"start":{"line":240,"column":24},"end":{"line":253,"column":96}},"92":{"start":{"line":255,"column":27},"end":{"line":310,"column":21}},"93":{"start":{"line":256,"column":24},"end":{"line":267,"column":98}},"94":{"start":{"line":269,"column":27},"end":{"line":310,"column":21}},"95":{"start":{"line":271,"column":24},"end":{"line":280,"column":98}},"96":{"start":{"line":282,"column":27},"end":{"line":310,"column":21}},"97":{"start":{"line":283,"column":24},"end":{"line":290,"column":100}},"98":{"start":{"line":292,"column":27},"end":{"line":310,"column":21}},"99":{"start":{"line":293,"column":24},"end":{"line":298,"column":98}},"100":{"start":{"line":300,"column":27},"end":{"line":310,"column":21}},"101":{"start":{"line":301,"column":24},"end":{"line":304,"column":88}},"102":{"start":{"line":307,"column":24},"end":{"line":308,"column":80}},"103":{"start":{"line":312,"column":20},"end":{"line":312,"column":33}},"104":{"start":{"line":316,"column":16},"end":{"line":316,"column":76}},"105":{"start":{"line":322,"column":0},"end":{"line":322,"column":26}}},"fnMap":{"0":{"name":"(anonymous_0)","decl":{"start":{"line":6,"column":4},"end":{"line":6,"column":5}},"loc":{"start":{"line":6,"column":21},"end":{"line":13,"column":5}},"line":6},"1":{"name":"(anonymous_1)","decl":{"start":{"line":16,"column":4},"end":{"line":16,"column":5}},"loc":{"start":{"line":16,"column":20},"end":{"line":29,"column":5}},"line":16},"2":{"name":"(anonymous_2)","decl":{"start":{"line":17,"column":27},"end":{"line":17,"column":28}},"loc":{"start":{"line":17,"column":47},"end":{"line":28,"column":9}},"line":17},"3":{"name":"(anonymous_3)","decl":{"start":{"line":21,"column":52},"end":{"line":21,"column":53}},"loc":{"start":{"line":21,"column":57},"end":{"line":21,"column":276}},"line":21},"4":{"name":"(anonymous_4)","decl":{"start":{"line":32,"column":4},"end":{"line":32,"column":5}},"loc":{"start":{"line":32,"column":53},"end":{"line":48,"column":5}},"line":32},"5":{"name":"(anonymous_5)","decl":{"start":{"line":33,"column":28},"end":{"line":33,"column":29}},"loc":{"start":{"line":33,"column":48},"end":{"line":47,"column":9}},"line":33},"6":{"name":"(anonymous_6)","decl":{"start":{"line":51,"column":4},"end":{"line":51,"column":5}},"loc":{"start":{"line":51,"column":27},"end":{"line":62,"column":5}},"line":51},"7":{"name":"(anonymous_7)","decl":{"start":{"line":52,"column":27},"end":{"line":52,"column":28}},"loc":{"start":{"line":52,"column":47},"end":{"line":61,"column":9}},"line":52},"8":{"name":"(anonymous_8)","decl":{"start":{"line":65,"column":4},"end":{"line":65,"column":5}},"loc":{"start":{"line":65,"column":35},"end":{"line":78,"column":5}},"line":65},"9":{"name":"(anonymous_9)","decl":{"start":{"line":66,"column":27},"end":{"line":66,"column":28}},"loc":{"start":{"line":66,"column":47},"end":{"line":77,"column":9}},"line":66},"10":{"name":"(anonymous_10)","decl":{"start":{"line":70,"column":48},"end":{"line":70,"column":49}},"loc":{"start":{"line":70,"column":53},"end":{"line":70,"column":272}},"line":70},"11":{"name":"(anonymous_11)","decl":{"start":{"line":81,"column":4},"end":{"line":81,"column":5}},"loc":{"start":{"line":81,"column":43},"end":{"line":151,"column":5}},"line":81},"12":{"name":"(anonymous_12)","decl":{"start":{"line":83,"column":27},"end":{"line":83,"column":28}},"loc":{"start":{"line":83,"column":47},"end":{"line":150,"column":9}},"line":83},"13":{"name":"(anonymous_13)","decl":{"start":{"line":153,"column":4},"end":{"line":153,"column":5}},"loc":{"start":{"line":153,"column":26},"end":{"line":196,"column":7}},"line":153},"14":{"name":"(anonymous_14)","decl":{"start":{"line":155,"column":27},"end":{"line":155,"column":28}},"loc":{"start":{"line":155,"column":47},"end":{"line":195,"column":9}},"line":155},"15":{"name":"(anonymous_15)","decl":{"start":{"line":198,"column":6},"end":{"line":198,"column":7}},"loc":{"start":{"line":198,"column":33},"end":{"line":319,"column":5}},"line":198},"16":{"name":"(anonymous_16)","decl":{"start":{"line":199,"column":27},"end":{"line":199,"column":28}},"loc":{"start":{"line":199,"column":47},"end":{"line":318,"column":9}},"line":199}},"branchMap":{"0":{"loc":{"start":{"line":116,"column":24},"end":{"line":132,"column":25}},"type":"if","locations":[{"start":{"line":116,"column":24},"end":{"line":132,"column":25}},{"start":{"line":130,"column":31},"end":{"line":132,"column":25}}],"line":116},"1":{"loc":{"start":{"line":125,"column":28},"end":{"line":128,"column":29}},"type":"if","locations":[{"start":{"line":125,"column":28},"end":{"line":128,"column":29}},{"start":{},"end":{}}],"line":125},"2":{"loc":{"start":{"line":169,"column":12},"end":{"line":186,"column":13}},"type":"if","locations":[{"start":{"line":169,"column":12},"end":{"line":186,"column":13}},{"start":{"line":182,"column":17},"end":{"line":186,"column":13}}],"line":169},"3":{"loc":{"start":{"line":175,"column":16},"end":{"line":178,"column":17}},"type":"if","locations":[{"start":{"line":175,"column":16},"end":{"line":178,"column":17}},{"start":{},"end":{}}],"line":175},"4":{"loc":{"start":{"line":182,"column":17},"end":{"line":186,"column":13}},"type":"if","locations":[{"start":{"line":182,"column":17},"end":{"line":186,"column":13}},{"start":{},"end":{}}],"line":182},"5":{"loc":{"start":{"line":239,"column":20},"end":{"line":310,"column":21}},"type":"if","locations":[{"start":{"line":239,"column":20},"end":{"line":310,"column":21}},{"start":{"line":255,"column":27},"end":{"line":310,"column":21}}],"line":239},"6":{"loc":{"start":{"line":255,"column":27},"end":{"line":310,"column":21}},"type":"if","locations":[{"start":{"line":255,"column":27},"end":{"line":310,"column":21}},{"start":{"line":269,"column":27},"end":{"line":310,"column":21}}],"line":255},"7":{"loc":{"start":{"line":269,"column":27},"end":{"line":310,"column":21}},"type":"if","locations":[{"start":{"line":269,"column":27},"end":{"line":310,"column":21}},{"start":{"line":282,"column":27},"end":{"line":310,"column":21}}],"line":269},"8":{"loc":{"start":{"line":282,"column":27},"end":{"line":310,"column":21}},"type":"if","locations":[{"start":{"line":282,"column":27},"end":{"line":310,"column":21}},{"start":{"line":292,"column":27},"end":{"line":310,"column":21}}],"line":282},"9":{"loc":{"start":{"line":292,"column":27},"end":{"line":310,"column":21}},"type":"if","locations":[{"start":{"line":292,"column":27},"end":{"line":310,"column":21}},{"start":{"line":300,"column":27},"end":{"line":310,"column":21}}],"line":292},"10":{"loc":{"start":{"line":300,"column":27},"end":{"line":310,"column":21}},"type":"if","locations":[{"start":{"line":300,"column":27},"end":{"line":310,"column":21}},{"start":{"line":306,"column":27},"end":{"line":310,"column":21}}],"line":300}},"s":{"0":4,"1":4,"2":4,"3":4,"4":4,"5":4,"6":4,"7":4,"8":1,"9":1,"10":1,"11":1,"12":2,"13":1,"14":0,"15":2,"16":2,"17":2,"18":2,"19":1,"20":1,"21":1,"22":2,"23":2,"24":2,"25":2,"26":0,"27":2,"28":2,"29":2,"30":2,"31":1,"32":2,"33":0,"34":6,"35":6,"36":6,"37":6,"38":3,"39":3,"40":3,"41":3,"42":3,"43":3,"44":3,"45":3,"46":3,"47":0,"48":0,"49":0,"50":0,"51":3,"52":3,"53":3,"54":3,"55":3,"56":3,"57":2,"58":2,"59":2,"60":2,"61":2,"62":2,"63":0,"64":0,"65":0,"66":2,"67":0,"68":2,"69":0,"70":0,"71":0,"72":0,"73":0,"74":0,"75":0,"76":0,"77":0,"78":0,"79":0,"80":0,"81":0,"82":0,"83":0,"84":0,"85":0,"86":0,"87":0,"88":0,"89":0,"90":0,"91":0,"92":0,"93":0,"94":0,"95":0,"96":0,"97":0,"98":0,"99":0,"100":0,"101":0,"102":0,"103":0,"104":0,"105":4},"f":{"0":4,"1":1,"2":1,"3":2,"4":2,"5":2,"6":2,"7":2,"8":2,"9":2,"10":1,"11":6,"12":6,"13":2,"14":2,"15":0,"16":0},"b":{"0":[0,3],"1":[0,0],"2":[0,2],"3":[0,0],"4":[0,2],"5":[0,0],"6":[0,0],"7":[0,0],"8":[0,0],"9":[0,0],"10":[0,0]},"_coverageSchema":"1a1c01bbd47fc00a2c39e90264f33305004495a9","hash":"4617b1980dfe1a62f20d7320343d892f9f9cf861"}
,"/code/model/User.js": {"path":"/code/model/User.js","statementMap":{"0":{"start":{"line":1,"column":11},"end":{"line":1,"column":38}},"1":{"start":{"line":2,"column":12},"end":{"line":2,"column":43}},"2":{"start":{"line":6,"column":8},"end":{"line":6,"column":37}},"3":{"start":{"line":7,"column":8},"end":{"line":7,"column":31}},"4":{"start":{"line":8,"column":8},"end":{"line":8,"column":33}},"5":{"start":{"line":12,"column":8},"end":{"line":20,"column":11}},"6":{"start":{"line":13,"column":12},"end":{"line":19,"column":13}},"7":{"start":{"line":14,"column":29},"end":{"line":14,"column":70}},"8":{"start":{"line":15,"column":28},"end":{"line":15,"column":61}},"9":{"start":{"line":15,"column":49},"end":{"line":15,"column":60}},"10":{"start":{"line":16,"column":16},"end":{"line":16,"column":26}},"11":{"start":{"line":18,"column":16},"end":{"line":18,"column":53}},"12":{"start":{"line":24,"column":8},"end":{"line":32,"column":11}},"13":{"start":{"line":25,"column":12},"end":{"line":31,"column":13}},"14":{"start":{"line":26,"column":29},"end":{"line":26,"column":99}},"15":{"start":{"line":27,"column":28},"end":{"line":27,"column":61}},"16":{"start":{"line":27,"column":49},"end":{"line":27,"column":60}},"17":{"start":{"line":28,"column":16},"end":{"line":28,"column":26}},"18":{"start":{"line":30,"column":16},"end":{"line":30,"column":54}},"19":{"start":{"line":36,"column":8},"end":{"line":44,"column":10}},"20":{"start":{"line":37,"column":12},"end":{"line":43,"column":13}},"21":{"start":{"line":38,"column":29},"end":{"line":38,"column":150}},"22":{"start":{"line":39,"column":27},"end":{"line":39,"column":51}},"23":{"start":{"line":40,"column":16},"end":{"line":40,"column":25}},"24":{"start":{"line":42,"column":16},"end":{"line":42,"column":50}},"25":{"start":{"line":48,"column":8},"end":{"line":57,"column":10}},"26":{"start":{"line":49,"column":12},"end":{"line":56,"column":13}},"27":{"start":{"line":50,"column":29},"end":{"line":51,"column":73}},"28":{"start":{"line":52,"column":27},"end":{"line":52,"column":51}},"29":{"start":{"line":53,"column":16},"end":{"line":53,"column":25}},"30":{"start":{"line":55,"column":16},"end":{"line":55,"column":69}},"31":{"start":{"line":61,"column":8},"end":{"line":69,"column":10}},"32":{"start":{"line":62,"column":12},"end":{"line":68,"column":13}},"33":{"start":{"line":63,"column":28},"end":{"line":64,"column":52}},"34":{"start":{"line":65,"column":16},"end":{"line":65,"column":34}},"35":{"start":{"line":67,"column":16},"end":{"line":67,"column":43}},"36":{"start":{"line":75,"column":0},"end":{"line":75,"column":21}}},"fnMap":{"0":{"name":"(anonymous_0)","decl":{"start":{"line":5,"column":4},"end":{"line":5,"column":5}},"loc":{"start":{"line":5,"column":21},"end":{"line":9,"column":5}},"line":5},"1":{"name":"(anonymous_1)","decl":{"start":{"line":11,"column":4},"end":{"line":11,"column":5}},"loc":{"start":{"line":11,"column":20},"end":{"line":21,"column":5}},"line":11},"2":{"name":"(anonymous_2)","decl":{"start":{"line":12,"column":27},"end":{"line":12,"column":28}},"loc":{"start":{"line":12,"column":47},"end":{"line":20,"column":9}},"line":12},"3":{"name":"(anonymous_3)","decl":{"start":{"line":15,"column":44},"end":{"line":15,"column":45}},"loc":{"start":{"line":15,"column":49},"end":{"line":15,"column":60}},"line":15},"4":{"name":"(anonymous_4)","decl":{"start":{"line":23,"column":4},"end":{"line":23,"column":5}},"loc":{"start":{"line":23,"column":35},"end":{"line":33,"column":5}},"line":23},"5":{"name":"(anonymous_5)","decl":{"start":{"line":24,"column":27},"end":{"line":24,"column":28}},"loc":{"start":{"line":24,"column":47},"end":{"line":32,"column":9}},"line":24},"6":{"name":"(anonymous_6)","decl":{"start":{"line":27,"column":44},"end":{"line":27,"column":45}},"loc":{"start":{"line":27,"column":49},"end":{"line":27,"column":60}},"line":27},"7":{"name":"(anonymous_7)","decl":{"start":{"line":35,"column":4},"end":{"line":35,"column":5}},"loc":{"start":{"line":35,"column":48},"end":{"line":45,"column":5}},"line":35},"8":{"name":"(anonymous_8)","decl":{"start":{"line":36,"column":27},"end":{"line":36,"column":28}},"loc":{"start":{"line":36,"column":47},"end":{"line":44,"column":9}},"line":36},"9":{"name":"(anonymous_9)","decl":{"start":{"line":47,"column":4},"end":{"line":47,"column":5}},"loc":{"start":{"line":47,"column":29},"end":{"line":58,"column":5}},"line":47},"10":{"name":"(anonymous_10)","decl":{"start":{"line":48,"column":27},"end":{"line":48,"column":28}},"loc":{"start":{"line":48,"column":47},"end":{"line":57,"column":9}},"line":48},"11":{"name":"(anonymous_11)","decl":{"start":{"line":60,"column":4},"end":{"line":60,"column":5}},"loc":{"start":{"line":60,"column":33},"end":{"line":70,"column":5}},"line":60},"12":{"name":"(anonymous_12)","decl":{"start":{"line":61,"column":27},"end":{"line":61,"column":28}},"loc":{"start":{"line":61,"column":47},"end":{"line":69,"column":9}},"line":61}},"branchMap":{},"s":{"0":4,"1":4,"2":7,"3":6,"4":6,"5":1,"6":1,"7":1,"8":1,"9":2,"10":1,"11":0,"12":2,"13":2,"14":2,"15":2,"16":1,"17":2,"18":0,"19":1,"20":1,"21":1,"22":1,"23":1,"24":0,"25":3,"26":3,"27":3,"28":3,"29":2,"30":1,"31":2,"32":2,"33":2,"34":2,"35":0,"36":4},"f":{"0":7,"1":1,"2":1,"3":2,"4":2,"5":2,"6":1,"7":1,"8":1,"9":3,"10":3,"11":2,"12":2},"b":{},"_coverageSchema":"1a1c01bbd47fc00a2c39e90264f33305004495a9","hash":"e4a15ae28f3d1033d0c96672d0f68b60cba7107b"}
,"/code/routes/auths.js": {"path":"/code/routes/auths.js","statementMap":{"0":{"start":{"line":1,"column":16},"end":{"line":1,"column":34}},"1":{"start":{"line":2,"column":15},"end":{"line":2,"column":31}},"2":{"start":{"line":4,"column":23},"end":{"line":4,"column":53}},"3":{"start":{"line":6,"column":0},"end":{"line":6,"column":49}},"4":{"start":{"line":7,"column":0},"end":{"line":7,"column":43}},"5":{"start":{"line":9,"column":0},"end":{"line":9,"column":24}}},"fnMap":{},"branchMap":{},"s":{"0":4,"1":4,"2":4,"3":4,"4":4,"5":4},"f":{},"b":{},"_coverageSchema":"1a1c01bbd47fc00a2c39e90264f33305004495a9","hash":"b5029693924deb7b3558e7a9cafba16a7fd69bdf"}
,"/code/routes/habits.js": {"path":"/code/routes/habits.js","statementMap":{"0":{"start":{"line":1,"column":0},"end":{"line":1,"column":27}},"1":{"start":{"line":3,"column":16},"end":{"line":3,"column":34}},"2":{"start":{"line":4,"column":15},"end":{"line":4,"column":31}},"3":{"start":{"line":5,"column":24},"end":{"line":5,"column":53}},"4":{"start":{"line":6,"column":24},"end":{"line":6,"column":55}},"5":{"start":{"line":8,"column":0},"end":{"line":8,"column":58}},"6":{"start":{"line":9,"column":0},"end":{"line":9,"column":67}},"7":{"start":{"line":10,"column":0},"end":{"line":10,"column":61}},"8":{"start":{"line":11,"column":0},"end":{"line":11,"column":62}},"9":{"start":{"line":12,"column":0},"end":{"line":12,"column":49}},"10":{"start":{"line":13,"column":0},"end":{"line":13,"column":76}},"11":{"start":{"line":14,"column":0},"end":{"line":14,"column":66}},"12":{"start":{"line":16,"column":0},"end":{"line":16,"column":24}}},"fnMap":{},"branchMap":{},"s":{"0":4,"1":4,"2":4,"3":4,"4":4,"5":4,"6":4,"7":4,"8":4,"9":4,"10":4,"11":4,"12":4},"f":{},"b":{},"_coverageSchema":"1a1c01bbd47fc00a2c39e90264f33305004495a9","hash":"92bd9e6884451b961830b0f9eb09f66f99112a31"}
,"/code/routes/users.js": {"path":"/code/routes/users.js","statementMap":{"0":{"start":{"line":1,"column":16},"end":{"line":1,"column":34}},"1":{"start":{"line":2,"column":15},"end":{"line":2,"column":31}},"2":{"start":{"line":3,"column":24},"end":{"line":3,"column":53}},"3":{"start":{"line":5,"column":23},"end":{"line":5,"column":53}},"4":{"start":{"line":7,"column":0},"end":{"line":7,"column":37}},"5":{"start":{"line":8,"column":0},"end":{"line":8,"column":64}},"6":{"start":{"line":10,"column":0},"end":{"line":10,"column":24}}},"fnMap":{},"branchMap":{},"s":{"0":4,"1":4,"2":4,"3":4,"4":4,"5":4,"6":4},"f":{},"b":{},"_coverageSchema":"1a1c01bbd47fc00a2c39e90264f33305004495a9","hash":"2110b6cac1e197fcf0d2883881f2c1100ea2bdec"}
}
