TN:
SF:server.js
FN:17,(anonymous_0)
FNF:1
FNH:1
FNDA:1,(anonymous_0)
DA:1,4
DA:3,4
DA:4,4
DA:5,4
DA:6,4
DA:7,4
DA:9,4
DA:10,4
DA:11,4
DA:13,4
DA:14,4
DA:15,4
DA:17,4
DA:19,4
LF:14
LH:14
BRF:0
BRH:0
end_of_record
TN:
SF:controllers/auth.js
FN:7,register
FN:23,login
FN:31,(anonymous_2)
FNF:3
FNH:3
FNDA:2,register
FNDA:3,login
FNDA:1,(anonymous_2)
DA:1,4
DA:2,4
DA:3,4
DA:5,4
DA:8,2
DA:9,2
DA:10,2
DA:11,1
DA:13,1
DA:14,1
DA:15,1
DA:16,1
DA:19,0
DA:24,3
DA:25,3
DA:28,2
DA:29,2
DA:30,1
DA:31,1
DA:32,1
DA:33,1
DA:38,1
DA:39,1
DA:41,1
DA:44,1
DA:48,1
DA:52,4
LF:27
LH:26
BRDA:10,0,0,1
BRDA:10,0,1,1
BRDA:29,1,0,1
BRDA:29,1,1,1
BRDA:32,2,0,0
BRDA:32,2,1,1
BRF:6
BRH:5
end_of_record
TN:
SF:controllers/habit.js
FN:3,getAllHabits
FN:12,create
FN:24,destroy
FN:34,getHabitsByEmail
FN:43,getHabits
FN:53,updateHabitCounter
FN:68,getGraphData
FNF:7
FNH:6
FNDA:1,getAllHabits
FNDA:2,create
FNDA:2,destroy
FNDA:2,getHabitsByEmail
FNDA:4,getHabits
FNDA:2,updateHabitCounter
FNDA:0,getGraphData
DA:1,4
DA:4,1
DA:5,1
DA:6,1
DA:8,0
DA:13,2
DA:14,2
DA:15,2
DA:16,2
DA:17,2
DA:18,1
DA:20,1
DA:25,2
DA:26,2
DA:27,2
DA:30,0
DA:35,2
DA:36,2
DA:37,2
DA:39,0
DA:44,4
DA:45,4
DA:46,4
DA:47,1
DA:49,3
DA:54,2
DA:58,2
DA:59,2
DA:60,2
DA:61,2
DA:62,2
DA:64,0
DA:69,0
DA:70,0
DA:71,0
DA:73,0
DA:78,4
LF:37
LH:29
BRDA:60,0,0,2
BRDA:60,0,1,0
BRF:2
BRH:1
end_of_record
TN:
SF:controllers/user.js
FN:5,index
FN:14,findByName
FNF:2
FNH:2
FNDA:1,index
FNDA:2,findByName
DA:1,4
DA:3,4
DA:6,1
DA:7,1
DA:8,1
DA:10,0
DA:15,2
DA:16,2
DA:17,2
DA:18,1
DA:20,1
DA:24,4
LF:12
LH:11
BRDA:17,0,0,1
BRDA:17,0,1,1
BRF:2
BRH:2
end_of_record
TN:
SF:dbConfig/init.js
FNF:0
FNH:0
DA:1,4
DA:3,4
DA:4,4
DA:5,4
DA:7,4
DA:8,0
DA:15,4
DA:18,4
LF:8
LH:7
BRDA:7,0,0,0
BRDA:7,0,1,4
BRF:2
BRH:1
end_of_record
TN:
SF:middleware/auth.js
FN:3,verifyToken
FN:7,(anonymous_1)
FNF:2
FNH:2
FNDA:12,verifyToken
FNDA:10,(anonymous_1)
DA:1,4
DA:4,12
DA:5,12
DA:6,10
DA:7,10
DA:8,10
DA:9,10
DA:10,3
DA:12,7
DA:16,2
DA:19,4
LF:11
LH:11
BRDA:5,0,0,10
BRDA:5,0,1,2
BRDA:9,1,0,3
BRDA:9,1,1,7
BRF:4
BRH:4
end_of_record
TN:
SF:model/Habit.js
FN:6,(anonymous_0)
FN:16,(anonymous_1)
FN:17,(anonymous_2)
FN:21,(anonymous_3)
FN:32,(anonymous_4)
FN:33,(anonymous_5)
FN:51,(anonymous_6)
FN:52,(anonymous_7)
FN:65,(anonymous_8)
FN:66,(anonymous_9)
FN:70,(anonymous_10)
FN:81,(anonymous_11)
FN:83,(anonymous_12)
FN:153,(anonymous_13)
FN:155,(anonymous_14)
FN:198,(anonymous_15)
FN:199,(anonymous_16)
FNF:17
FNH:15
FNDA:4,(anonymous_0)
FNDA:1,(anonymous_1)
FNDA:1,(anonymous_2)
FNDA:2,(anonymous_3)
FNDA:2,(anonymous_4)
FNDA:2,(anonymous_5)
FNDA:2,(anonymous_6)
FNDA:2,(anonymous_7)
FNDA:2,(anonymous_8)
FNDA:2,(anonymous_9)
FNDA:1,(anonymous_10)
FNDA:6,(anonymous_11)
FNDA:6,(anonymous_12)
FNDA:2,(anonymous_13)
FNDA:2,(anonymous_14)
FNDA:0,(anonymous_15)
FNDA:0,(anonymous_16)
DA:1,4
DA:2,4
DA:7,4
DA:8,4
DA:9,4
DA:10,4
DA:11,4
DA:12,4
DA:17,1
DA:18,1
DA:19,1
DA:21,2
DA:23,1
DA:26,0
DA:33,2
DA:34,2
DA:35,2
DA:38,2
DA:40,1
DA:42,1
DA:45,1
DA:52,2
DA:53,2
DA:54,2
DA:56,2
DA:59,0
DA:66,2
DA:67,2
DA:68,2
DA:70,2
DA:72,2
DA:75,0
DA:83,6
DA:85,6
DA:86,6
DA:89,6
DA:91,3
DA:95,3
DA:98,3
DA:101,3
DA:104,3
DA:107,3
DA:110,3
DA:113,3
DA:116,3
DA:119,0
DA:122,0
DA:125,0
DA:126,0
DA:131,3
DA:136,3
DA:141,3
DA:143,3
DA:145,3
DA:148,3
DA:155,2
DA:157,2
DA:160,2
DA:163,2
DA:166,2
DA:169,2
DA:172,0
DA:175,0
DA:177,0
DA:182,2
DA:184,0
DA:190,2
DA:193,0
DA:199,0
DA:200,0
DA:202,0
DA:205,0
DA:207,0
DA:209,0
DA:211,0
DA:213,0
DA:215,0
DA:217,0
DA:219,0
DA:221,0
DA:223,0
DA:225,0
DA:227,0
DA:229,0
DA:231,0
DA:233,0
DA:235,0
DA:237,0
DA:239,0
DA:240,0
DA:255,0
DA:256,0
DA:269,0
DA:271,0
DA:282,0
DA:283,0
DA:292,0
DA:293,0
DA:300,0
DA:301,0
DA:307,0
DA:312,0
DA:316,0
DA:322,4
LF:104
LH:57
BRDA:116,0,0,0
BRDA:116,0,1,3
BRDA:125,1,0,0
BRDA:125,1,1,0
BRDA:169,2,0,0
BRDA:169,2,1,2
BRDA:175,3,0,0
BRDA:175,3,1,0
BRDA:182,4,0,0
BRDA:182,4,1,2
BRDA:239,5,0,0
BRDA:239,5,1,0
BRDA:255,6,0,0
BRDA:255,6,1,0
BRDA:269,7,0,0
BRDA:269,7,1,0
BRDA:282,8,0,0
BRDA:282,8,1,0
BRDA:292,9,0,0
BRDA:292,9,1,0
BRDA:300,10,0,0
BRDA:300,10,1,0
BRF:22
BRH:3
end_of_record
TN:
SF:model/User.js
FN:5,(anonymous_0)
FN:11,(anonymous_1)
FN:12,(anonymous_2)
FN:15,(anonymous_3)
FN:23,(anonymous_4)
FN:24,(anonymous_5)
FN:27,(anonymous_6)
FN:35,(anonymous_7)
FN:36,(anonymous_8)
FN:47,(anonymous_9)
FN:48,(anonymous_10)
FN:60,(anonymous_11)
FN:61,(anonymous_12)
FNF:13
FNH:13
FNDA:7,(anonymous_0)
FNDA:1,(anonymous_1)
FNDA:1,(anonymous_2)
FNDA:2,(anonymous_3)
FNDA:2,(anonymous_4)
FNDA:2,(anonymous_5)
FNDA:1,(anonymous_6)
FNDA:1,(anonymous_7)
FNDA:1,(anonymous_8)
FNDA:3,(anonymous_9)
FNDA:3,(anonymous_10)
FNDA:2,(anonymous_11)
FNDA:2,(anonymous_12)
DA:1,4
DA:2,4
DA:6,7
DA:7,6
DA:8,6
DA:12,1
DA:13,1
DA:14,1
DA:15,2
DA:16,1
DA:18,0
DA:24,2
DA:25,2
DA:26,2
DA:27,2
DA:28,2
DA:30,0
DA:36,1
DA:37,1
DA:38,1
DA:39,1
DA:40,1
DA:42,0
DA:48,3
DA:49,3
DA:50,3
DA:52,3
DA:53,2
DA:55,1
DA:61,2
DA:62,2
DA:63,2
DA:65,2
DA:67,0
DA:75,4
LF:35
LH:31
BRF:0
BRH:0
end_of_record
TN:
SF:routes/auths.js
FNF:0
FNH:0
DA:1,4
DA:2,4
DA:4,4
DA:6,4
DA:7,4
DA:9,4
LF:6
LH:6
BRF:0
BRH:0
end_of_record
TN:
SF:routes/habits.js
FNF:0
FNH:0
DA:1,4
DA:3,4
DA:4,4
DA:5,4
DA:6,4
DA:8,4
DA:9,4
DA:10,4
DA:11,4
DA:12,4
DA:13,4
DA:14,4
DA:16,4
LF:13
LH:13
BRF:0
BRH:0
end_of_record
TN:
SF:routes/users.js
FNF:0
FNH:0
DA:1,4
DA:2,4
DA:3,4
DA:5,4
DA:7,4
DA:8,4
DA:10,4
LF:7
LH:7
BRF:0
BRH:0
end_of_record
